glide-image-view/proguard/seeds.txt
com.wkz.framework.widgets.glideimageview.progress.GlideRequests: java.lang.Object load(java.lang.Integer)
com.wkz.glideimageview.R$styleable: R$styleable()
com.wkz.framework.widgets.glideimageview.progress.FRCircleProgressView: void initPaint()
com.wkz.framework.widgets.glideimageview.progress.GlideOptions: com.wkz.framework.widgets.glideimageview.progress.GlideOptions frame(long)
com.wkz.framework.widgets.glideimageview.FRShapeImageView: void initRadii()
com.wkz.glideimageview.R$styleable: int FRCircleProgressView_fr_cpv_outerColor
com.wkz.framework.widgets.glideimageview.FRShapeImageView: void setPressedAlpha(float)
com.wkz.framework.widgets.glideimageview.progress.GlideRequest: java.lang.Object load(android.net.Uri)
com.wkz.framework.widgets.glideimageview.progress.FRCircleProgressView: java.lang.String mTextSuffix
com.wkz.glideimageview.R$styleable: int CoordinatorLayout_Layout_layout_behavior
com.wkz.framework.widgets.glideimageview.FRGlideImageLoader$4: long val$totalBytes
com.wkz.framework.widgets.glideimageview.progress.FRCircleProgressView: FRCircleProgressView(android.content.Context)
com.wkz.framework.widgets.glideimageview.progress.FRCircleProgressView: void setTextSkewX(float)
com.wkz.glideimageview.R$id: int notification_main_column_container
com.wkz.glideimageview.R$color: int notification_material_background_media_default_color
com.wkz.glideimageview.R$attr: int fr_cpv_progressTextPrefix
com.wkz.framework.widgets.glideimageview.FRGlideImageView: com.wkz.framework.widgets.glideimageview.FRGlideImageView load(java.lang.String,com.bumptech.glide.request.RequestOptions)
com.wkz.glideimageview.R$attr: int statusBarBackground
com.wkz.framework.widgets.glideimageview.FRGlideImageLoader: void load(java.lang.Object,com.bumptech.glide.request.RequestOptions,com.bumptech.glide.TransitionOptions)
com.wkz.framework.widgets.glideimageview.progress.FRProgressManager: FRProgressManager()
com.wkz.framework.widgets.glideimageview.FRGlideImageLoader: void mainThreadCallback(long,long,boolean,com.bumptech.glide.load.engine.GlideException)
com.wkz.framework.widgets.glideimageview.progress.GlideOptions: com.wkz.framework.widgets.glideimageview.progress.GlideOptions frameOf(long)
com.wkz.glideimageview.R$styleable: int FRCircleProgressView_fr_cpv_progressReachSize
com.wkz.framework.widgets.glideimageview.progress.FRCircleProgressView: int getInnerPadding()
com.wkz.framework.widgets.glideimageview.progress.GlideApp: void init(android.content.Context,com.bumptech.glide.GlideBuilder)
com.wkz.glideimageview.R$dimen: int compat_button_inset_vertical_material
com.wkz.framework.widgets.glideimageview.progress.GlideRequests: java.lang.Object load(byte[])
com.wkz.framework.widgets.glideimageview.progress.GlideOptions: com.bumptech.glide.request.RequestOptions placeholder(android.graphics.drawable.Drawable)
com.wkz.framework.widgets.glideimageview.progress.GlideOptions: com.wkz.framework.widgets.glideimageview.progress.GlideOptions fitCenterTransform0
com.wkz.glideimageview.R$style: int TextAppearance_Compat_Notification_Time_Media
com.wkz.framework.widgets.glideimageview.progress.GlideRequest: com.wkz.framework.widgets.glideimageview.progress.GlideRequest thumbnail(com.bumptech.glide.RequestBuilder)
com.wkz.framework.widgets.glideimageview.progress.GlideRequest: com.wkz.framework.widgets.glideimageview.progress.GlideRequest addListener(com.bumptech.glide.request.RequestListener)
com.wkz.framework.widgets.glideimageview.progress.GlideApp: com.wkz.framework.widgets.glideimageview.progress.GlideRequests with(android.content.Context)
com.wkz.glideimageview.R$style: int TextAppearance_Compat_Notification_Time
com.wkz.framework.widgets.glideimageview.progress.GlideOptions: com.wkz.framework.widgets.glideimageview.progress.GlideOptions centerCropTransform()
com.wkz.framework.widgets.glideimageview.FRShapeImageView: android.graphics.Bitmap getBitmapFromDrawable(android.graphics.drawable.Drawable)
...
android.support.fragment.R$styleable: int FontFamily_fontProviderCerts
android.support.coordinatorlayout.R$id: int action_container
android.support.coordinatorlayout.R$layout: int notification_template_part_time
android.support.compat.R: R()
android.support.v4.R$layout: int notification_template_big_media_narrow_custom
android.support.coreutils.R$styleable: int GradientColor_android_type
android.support.customview.R$id: int line1
android.support.v7.viewpager.R$integer
android.support.fragment.R$drawable: int notification_bg_low_normal
android.support.asynclayoutinflater.R$color: R$color()
android.support.swiperefreshlayout.R$id: int text
android.support.loader.R$color: R$color()
android.support.loader.R$style: int TextAppearance_Compat_Notification_Time
android.support.v4.R$layout: int notification_media_action
android.support.asynclayoutinflater.R$color: int notification_icon_bg_color
com.bumptech.glide.integration.okhttp.R$styleable: int CoordinatorLayout_Layout_android_layout_gravity
android.support.drawerlayout.R$attr
android.support.coreui.R$styleable: int GradientColor_android_tileMode
com.bumptech.glide.integration.okhttp.R$layout: int notification_action_tombstone
android.support.v7.viewpager.R$dimen: int notification_action_text_size
android.support.coreutils.R$drawable: int notification_template_icon_low_bg
com.bumptech.glide.integration.okhttp.R$style: int Widget_Compat_NotificationActionText
android.support.v4.R$drawable: int notification_tile_bg
android.support.coordinatorlayout.R$id
com.bumptech.glide.R$attr: int layout_insetEdge
android.support.loader.R$id: int title
android.support.slidingpanelayout.R$id: int time
android.support.mediacompat.R$style: int TextAppearance_Compat_Notification_Line2_Media
com.bumptech.glide.integration.okhttp.R: R()
android.support.coreutils.R$layout: int notification_template_icon_group
android.support.drawerlayout.R$id: int notification_background
android.support.customview.R$styleable: int GradientColor_android_centerColor
android.support.fragment.R$drawable: int notification_template_icon_low_bg
android.support.drawerlayout.R$id: int info
com.bumptech.glide.R$dimen: int notification_small_icon_background_padding
android.support.v7.viewpager.R$styleable: int FontFamily_fontProviderFetchStrategy
com.bumptech.glide.integration.okhttp.R$dimen: int notification_top_pad_large_text
android.support.mediacompat.R$attr: int ttcIndex
android.support.customview.R$styleable: int FontFamily_fontProviderFetchStrategy
android.support.coreui.R$styleable: int FontFamilyFont_android_font
android.support.mediacompat.R$dimen: int compat_button_padding_horizontal_material
android.support.customview.R$attr: int alpha
android.support.coordinatorlayout.R$id: int text2
android.support.v4.R$attr: int fontProviderAuthority
android.support.mediacompat.R$style: int Widget_Compat_NotificationActionText
android.support.mediacompat.R$drawable: int notification_bg_low
android.support.coordinatorlayout.R$style: int Widget_Compat_NotificationActionText
android.support.customview.R$styleable: int GradientColor_android_centerX
android.support.loader.R$drawable: int notification_bg_low_pressed
android.support.drawerlayout.R$dimen: int notification_top_pad_large_text
android.support.v4.R$id: int notification_main_column_container
android.support.asynclayoutinflater.R$drawable: int notification_action_background
android.support.swiperefreshlayout.R$dimen: int notification_big_circle_margin
android.support.mediacompat.R$layout: int notification_template_part_time
android.support.compat.R$drawable: int notify_panel_notification_icon_bg
android.support.fragment.R$string: int status_bar_notification_info_overflow
com.bumptech.glide.R$id: int right_side
android.support.loader.R$dimen: int notification_right_side_padding_top
com.bumptech.glide.R$styleable: int FontFamily_fontProviderFetchStrategy
android.support.compat.R$drawable: int notification_bg_normal_pressed
android.support.loader.R$id: int forever