glide-image-view/proguard/mapping.txt
# compiler: R8
# compiler_version: 1.4.94
# min_api: 1
com.wkz.framework.widgets.glideimageview.FRGlideImageLoader -> a.b.a.a.a.e:
    java.lang.Object mImageUrlObj -> f
    boolean mLastStatus -> i
    long mLastBytesRead -> h
    java.lang.ref.WeakReference mImageView -> e
    long mTotalBytes -> g
    com.wkz.framework.widgets.glideimageview.progress.OnGlideImageViewListener onGlideImageViewListener -> l
    com.wkz.framework.widgets.glideimageview.progress.OnProgressListener internalProgressListener -> k
    com.wkz.framework.widgets.glideimageview.progress.OnProgressListener onProgressListener -> m
    java.lang.String ANDROID_RESOURCE -> a
    java.lang.String SEPARATOR -> c
    java.lang.String FILE -> b
    android.os.Handler mMainThreadHandler -> j
    java.lang.String HTTP -> d
    1:1:void <init>(android.widget.ImageView):56:56 -> <init>
    2:4:void <init>(android.widget.ImageView):43:45 -> <init>
    5:6:void <init>(android.widget.ImageView):57:58 -> <init>
    1:1:long access$000(com.wkz.framework.widgets.glideimageview.FRGlideImageLoader):34:34 -> a
    2:2:long access$002(com.wkz.framework.widgets.glideimageview.FRGlideImageLoader,long):34:34 -> a
    3:3:void access$200(com.wkz.framework.widgets.glideimageview.FRGlideImageLoader,long,long,boolean,com.bumptech.glide.load.engine.GlideException):34:34 -> a
    4:4:boolean access$402(com.wkz.framework.widgets.glideimageview.FRGlideImageLoader,boolean):34:34 -> a
com.wkz.framework.widgets.glideimageview.FRGlideImageLoader$1 -> a.b.a.a.a.a:
    com.wkz.framework.widgets.glideimageview.FRGlideImageLoader this$0 -> a
    1:1:void <init>(com.wkz.framework.widgets.glideimageview.FRGlideImageLoader):108:108 -> <init>
    1:2:void animate(android.view.View):111:112 -> animate
    3:5:void animate(android.view.View):114:116 -> animate
com.wkz.framework.widgets.glideimageview.FRGlideImageLoader$2 -> a.b.a.a.a.b:
    com.wkz.framework.widgets.glideimageview.FRGlideImageLoader this$0 -> a
    1:1:void <init>(com.wkz.framework.widgets.glideimageview.FRGlideImageLoader):129:129 -> <init>
    1:2:boolean onResourceReady(android.graphics.drawable.Drawable,java.lang.Object,com.bumptech.glide.request.target.Target,com.bumptech.glide.load.DataSource,boolean):139:140 -> a
    1:2:boolean onLoadFailed(com.bumptech.glide.load.engine.GlideException,java.lang.Object,com.bumptech.glide.request.target.Target,boolean):132:133 -> onLoadFailed
    1:1:boolean onResourceReady(java.lang.Object,java.lang.Object,com.bumptech.glide.request.target.Target,com.bumptech.glide.load.DataSource,boolean):129:129 -> onResourceReady
com.wkz.framework.widgets.glideimageview.FRGlideImageLoader$3 -> a.b.a.a.a.c:
    java.lang.String val$url -> a
    com.wkz.framework.widgets.glideimageview.FRGlideImageLoader this$0 -> b
    1:1:void <init>(com.wkz.framework.widgets.glideimageview.FRGlideImageLoader,java.lang.String):203:203 -> <init>
    1:2:void onProgress(java.lang.String,long,long,boolean,com.bumptech.glide.load.engine.GlideException):207:208 -> onProgress
    3:6:void onProgress(java.lang.String,long,long,boolean,com.bumptech.glide.load.engine.GlideException):210:213 -> onProgress
    7:7:void onProgress(java.lang.String,long,long,boolean,com.bumptech.glide.load.engine.GlideException):216:216 -> onProgress
com.wkz.framework.widgets.glideimageview.FRGlideImageLoader$4 -> a.b.a.a.a.d:
    com.wkz.framework.widgets.glideimageview.FRGlideImageLoader this$0 -> e
    long val$totalBytes -> b
    long val$bytesRead -> a
    com.bumptech.glide.load.engine.GlideException val$exception -> d
    boolean val$isDone -> c
    1:1:void <init>(com.wkz.framework.widgets.glideimageview.FRGlideImageLoader,long,long,boolean,com.bumptech.glide.load.engine.GlideException):224:224 -> <init>
    1:3:void run():227:229 -> run
    4:5:void run():232:233 -> run
...
com.bumptech.glide.GeneratedAppGlideModuleImpl -> a.a.a.a:
    com.wkz.framework.widgets.glideimageview.progress.FRProgressAppGlideModule appGlideModule -> a
    1:5:void <init>():18:22 -> <init>
    1:1:void applyOptions(android.content.Context,com.bumptech.glide.GlideBuilder):28:28 -> applyOptions
    1:1:java.util.Set getExcludedModuleClasses():46:46 -> getExcludedModuleClasses
    1:1:com.bumptech.glide.manager.RequestManagerRetriever$RequestManagerFactory getRequestManagerFactory():14:14 -> getRequestManagerFactory
    2:2:com.bumptech.glide.GeneratedRequestManagerFactory getRequestManagerFactory():52:52 -> getRequestManagerFactory
    1:1:boolean isManifestParsingEnabled():40:40 -> isManifestParsingEnabled
    1:2:void registerComponents(android.content.Context,com.bumptech.glide.Glide,com.bumptech.glide.Registry):34:35 -> registerComponents
com.bumptech.glide.GeneratedRequestManagerFactory -> a.a.a.b:
    1:1:void <init>():14:14 -> <init>
    1:1:com.bumptech.glide.RequestManager build(com.bumptech.glide.Glide,com.bumptech.glide.manager.Lifecycle,com.bumptech.glide.manager.RequestManagerTreeNode,android.content.Context):19:19 -> build